2026-01-16T15:08:32.023-05:00  INFO 8416 --- [TaskManagerAPIThymeleaf] [restartedMain] c.taskmanager.TaskManagerApiApplication  : Starting TaskManagerApiApplication using Java 17.0.16 with PID 8416 (C:\Users\SCOTT\Documents\GitHub\PrintDrawingSearchApiThymeleaf\target\classes started by SCOTT in C:\Users\SCOTT\Documents\GitHub\PrintDrawingSearchApiThymeleaf)
2026-01-16T15:08:32.030-05:00  INFO 8416 --- [TaskManagerAPIThymeleaf] [restartedMain] c.taskmanager.TaskManagerApiApplication  : No active profile set, falling back to 1 default profile: "default"
2026-01-16T15:08:32.097-05:00  INFO 8416 --- [TaskManagerAPIThymeleaf] [restartedMain] .e.DevToolsPropertyDefaultsPostProcessor : Devtools property defaults active! Set 'spring.devtools.add-properties' to 'false' to disable
2026-01-16T15:08:32.098-05:00  INFO 8416 --- [TaskManagerAPIThymeleaf] [restartedMain] .e.DevToolsPropertyDefaultsPostProcessor : For additional web related logging consider setting the 'logging.level.web' property to 'DEBUG'
2026-01-16T15:08:34.215-05:00  INFO 8416 --- [TaskManagerAPIThymeleaf] [restartedMain] .s.d.r.c.RepositoryConfigurationDelegate : Bootstrapping Spring Data JPA repositories in DEFAULT mode.
2026-01-16T15:08:34.324-05:00  INFO 8416 --- [TaskManagerAPIThymeleaf] [restartedMain] .s.d.r.c.RepositoryConfigurationDelegate : Finished Spring Data repository scanning in 90 ms. Found 2 JPA repository interfaces.
2026-01-16T15:08:38.737-05:00  INFO 8416 --- [TaskManagerAPIThymeleaf] [restartedMain] o.s.b.w.embedded.tomcat.TomcatWebServer  : Tomcat initialized with port 8080 (http)
2026-01-16T15:08:38.784-05:00  INFO 8416 --- [TaskManagerAPIThymeleaf] [restartedMain] o.apache.catalina.core.StandardService   : Starting service [Tomcat]
2026-01-16T15:08:38.785-05:00  INFO 8416 --- [TaskManagerAPIThymeleaf] [restartedMain] o.apache.catalina.core.StandardEngine    : Starting Servlet engine: [Apache Tomcat/10.1.40]
2026-01-16T15:08:39.028-05:00  INFO 8416 --- [TaskManagerAPIThymeleaf] [restartedMain] o.a.c.c.C.[Tomcat].[localhost].[/]       : Initializing Spring embedded WebApplicationContext
2026-01-16T15:08:39.030-05:00  INFO 8416 --- [TaskManagerAPIThymeleaf] [restartedMain] w.s.c.ServletWebServerApplicationContext : Root WebApplicationContext: initialization completed in 6930 ms
2026-01-16T15:08:41.392-05:00  INFO 8416 --- [TaskManagerAPIThymeleaf] [restartedMain] o.hibernate.jpa.internal.util.LogHelper  : HHH000204: Processing PersistenceUnitInfo [name: default]
2026-01-16T15:08:41.977-05:00  INFO 8416 --- [TaskManagerAPIThymeleaf] [restartedMain] org.hibernate.Version                    : HHH000412: Hibernate ORM core version 6.6.13.Final
2026-01-16T15:08:42.327-05:00  INFO 8416 --- [TaskManagerAPIThymeleaf] [restartedMain] o.h.c.internal.RegionFactoryInitiator    : HHH000026: Second-level cache disabled
2026-01-16T15:08:43.308-05:00  INFO 8416 --- [TaskManagerAPIThymeleaf] [restartedMain] o.s.o.j.p.SpringPersistenceUnitInfo      : No LoadTimeWeaver setup: ignoring JPA class transformer
2026-01-16T15:08:43.358-05:00  INFO 8416 --- [TaskManagerAPIThymeleaf] [restartedMain] com.zaxxer.hikari.HikariDataSource       : HikariPool-1 - Starting...
2026-01-16T15:08:43.977-05:00  INFO 8416 --- [TaskManagerAPIThymeleaf] [restartedMain] com.zaxxer.hikari.pool.HikariPool        : HikariPool-1 - Added connection com.mysql.cj.jdbc.ConnectionImpl@49b8d775
2026-01-16T15:08:43.980-05:00  INFO 8416 --- [TaskManagerAPIThymeleaf] [restartedMain] com.zaxxer.hikari.HikariDataSource       : HikariPool-1 - Start completed.
2026-01-16T15:08:44.104-05:00  INFO 8416 --- [TaskManagerAPIThymeleaf] [restartedMain] org.hibernate.orm.connections.pooling    : HHH10001005: Database info:
	Database JDBC URL [Connecting through datasource 'HikariDataSource (HikariPool-1)']
	Database driver: undefined/unknown
	Database version: 8.0.42
	Autocommit mode: undefined/unknown
	Isolation level: undefined/unknown
	Minimum pool size: undefined/unknown
	Maximum pool size: undefined/unknown
2026-01-16T15:08:45.387-05:00  INFO 8416 --- [TaskManagerAPIThymeleaf] [restartedMain] o.h.e.t.j.p.i.JtaPlatformInitiator       : HHH000489: No JTA platform available (set 'hibernate.transaction.jta.platform' to enable JTA platform integration)
2026-01-16T15:08:45.455-05:00  INFO 8416 --- [TaskManagerAPIThymeleaf] [restartedMain] j.LocalContainerEntityManagerFactoryBean : Initialized JPA EntityManagerFactory for persistence unit 'default'
2026-01-16T15:08:46.198-05:00  INFO 8416 --- [TaskManagerAPIThymeleaf] [restartedMain] o.s.d.j.r.query.QueryEnhancerFactory     : Hibernate is in classpath; If applicable, HQL parser will be used.
2026-01-16T15:08:48.120-05:00  WARN 8416 --- [TaskManagerAPIThymeleaf] [restartedMain] JpaBaseConfiguration$JpaWebConfiguration : spring.jpa.open-in-view is enabled by default. Therefore, database queries may be performed during view rendering. Explicitly configure spring.jpa.open-in-view to disable this warning
2026-01-16T15:08:48.225-05:00  INFO 8416 --- [TaskManagerAPIThymeleaf] [restartedMain] eAuthenticationProviderManagerConfigurer : Global AuthenticationManager configured with AuthenticationProvider bean with name authenticationProvider
2026-01-16T15:08:48.226-05:00  WARN 8416 --- [TaskManagerAPIThymeleaf] [restartedMain] r$InitializeUserDetailsManagerConfigurer : Global AuthenticationManager configured with an AuthenticationProvider bean. UserDetailsService beans will not be used by Spring Security for automatically configuring username/password login. Consider removing the AuthenticationProvider bean. Alternatively, consider using the UserDetailsService in a manually instantiated DaoAuthenticationProvider. If the current configuration is intentional, to turn off this warning, increase the logging level of 'org.springframework.security.config.annotation.authentication.configuration.InitializeUserDetailsBeanManagerConfigurer' to ERROR
2026-01-16T15:08:50.168-05:00  INFO 8416 --- [TaskManagerAPIThymeleaf] [restartedMain] o.s.b.a.e.web.EndpointLinksResolver      : Exposing 1 endpoint beneath base path '/actuator'
2026-01-16T15:08:51.826-05:00  INFO 8416 --- [TaskManagerAPIThymeleaf] [restartedMain] o.s.b.d.a.OptionalLiveReloadServer       : LiveReload server is running on port 35729
2026-01-16T15:08:52.087-05:00  INFO 8416 --- [TaskManagerAPIThymeleaf] [restartedMain] o.s.b.w.embedded.tomcat.TomcatWebServer  : Tomcat started on port 8080 (http) with context path '/'
2026-01-16T15:08:52.118-05:00  INFO 8416 --- [TaskManagerAPIThymeleaf] [restartedMain] c.taskmanager.TaskManagerApiApplication  : Started TaskManagerApiApplication in 20.701 seconds (process running for 21.319)
2026-01-16T15:09:10.522-05:00  INFO 8416 --- [TaskManagerAPIThymeleaf] [http-nio-8080-exec-1] o.a.c.c.C.[Tomcat].[localhost].[/]       : Initializing Spring DispatcherServlet 'dispatcherServlet'
2026-01-16T15:09:10.523-05:00  INFO 8416 --- [TaskManagerAPIThymeleaf] [http-nio-8080-exec-1] o.s.web.servlet.DispatcherServlet        : Initializing Servlet 'dispatcherServlet'
2026-01-16T15:09:10.525-05:00  INFO 8416 --- [TaskManagerAPIThymeleaf] [http-nio-8080-exec-1] o.s.web.servlet.DispatcherServlet        : Completed initialization in 2 ms
2026-01-16T15:11:06.669-05:00  INFO 8416 --- [TaskManagerAPIThymeleaf] [SpringApplicationShutdownHook] o.s.b.w.e.tomcat.GracefulShutdown        : Commencing graceful shutdown. Waiting for active requests to complete
2026-01-16T15:11:06.780-05:00  INFO 8416 --- [TaskManagerAPIThymeleaf] [tomcat-shutdown] o.s.b.w.e.tomcat.GracefulShutdown        : Graceful shutdown complete
2026-01-16T15:11:06.785-05:00  INFO 8416 --- [TaskManagerAPIThymeleaf] [SpringApplicationShutdownHook] j.LocalContainerEntityManagerFactoryBean : Closing JPA EntityManagerFactory for persistence unit 'default'
2026-01-16T15:11:06.788-05:00  INFO 8416 --- [TaskManagerAPIThymeleaf] [SpringApplicationShutdownHook] com.zaxxer.hikari.HikariDataSource       : HikariPool-1 - Shutdown initiated...
2026-01-16T15:11:06.796-05:00  INFO 8416 --- [TaskManagerAPIThymeleaf] [SpringApplicationShutdownHook] com.zaxxer.hikari.HikariDataSource       : HikariPool-1 - Shutdown completed.
2026-01-16T15:12:14.826-05:00  INFO 16180 --- [TaskManagerAPIThymeleaf] [restartedMain] c.taskmanager.TaskManagerApiApplication  : Starting TaskManagerApiApplication using Java 17.0.16 with PID 16180 (C:\Users\SCOTT\Documents\GitHub\PrintDrawingSearchApiThymeleaf\target\classes started by SCOTT in C:\Users\SCOTT\Documents\GitHub\PrintDrawingSearchApiThymeleaf)
2026-01-16T15:12:14.829-05:00  INFO 16180 --- [TaskManagerAPIThymeleaf] [restartedMain] c.taskmanager.TaskManagerApiApplication  : No active profile set, falling back to 1 default profile: "default"
2026-01-16T15:12:14.884-05:00  INFO 16180 --- [TaskManagerAPIThymeleaf] [restartedMain] .e.DevToolsPropertyDefaultsPostProcessor : Devtools property defaults active! Set 'spring.devtools.add-properties' to 'false' to disable
2026-01-16T15:12:14.884-05:00  INFO 16180 --- [TaskManagerAPIThymeleaf] [restartedMain] .e.DevToolsPropertyDefaultsPostProcessor : For additional web related logging consider setting the 'logging.level.web' property to 'DEBUG'
2026-01-16T15:12:16.287-05:00  INFO 16180 --- [TaskManagerAPIThymeleaf] [restartedMain] .s.d.r.c.RepositoryConfigurationDelegate : Bootstrapping Spring Data JPA repositories in DEFAULT mode.
2026-01-16T15:12:16.349-05:00  INFO 16180 --- [TaskManagerAPIThymeleaf] [restartedMain] .s.d.r.c.RepositoryConfigurationDelegate : Finished Spring Data repository scanning in 51 ms. Found 2 JPA repository interfaces.
2026-01-16T15:12:17.577-05:00  INFO 16180 --- [TaskManagerAPIThymeleaf] [restartedMain] o.s.b.w.embedded.tomcat.TomcatWebServer  : Tomcat initialized with port 8080 (http)
2026-01-16T15:12:17.609-05:00  INFO 16180 --- [TaskManagerAPIThymeleaf] [restartedMain] o.apache.catalina.core.StandardService   : Starting service [Tomcat]
2026-01-16T15:12:17.610-05:00  INFO 16180 --- [TaskManagerAPIThymeleaf] [restartedMain] o.apache.catalina.core.StandardEngine    : Starting Servlet engine: [Apache Tomcat/10.1.40]
2026-01-16T15:12:17.731-05:00  INFO 16180 --- [TaskManagerAPIThymeleaf] [restartedMain] o.a.c.c.C.[Tomcat].[localhost].[/]       : Initializing Spring embedded WebApplicationContext
2026-01-16T15:12:17.731-05:00  INFO 16180 --- [TaskManagerAPIThymeleaf] [restartedMain] w.s.c.ServletWebServerApplicationContext : Root WebApplicationContext: initialization completed in 2847 ms
2026-01-16T15:12:18.537-05:00  INFO 16180 --- [TaskManagerAPIThymeleaf] [restartedMain] o.hibernate.jpa.internal.util.LogHelper  : HHH000204: Processing PersistenceUnitInfo [name: default]
2026-01-16T15:12:18.642-05:00  INFO 16180 --- [TaskManagerAPIThymeleaf] [restartedMain] org.hibernate.Version                    : HHH000412: Hibernate ORM core version 6.6.13.Final
2026-01-16T15:12:18.748-05:00  INFO 16180 --- [TaskManagerAPIThymeleaf] [restartedMain] o.h.c.internal.RegionFactoryInitiator    : HHH000026: Second-level cache disabled
2026-01-16T15:12:18.985-05:00  INFO 16180 --- [TaskManagerAPIThymeleaf] [restartedMain] o.s.o.j.p.SpringPersistenceUnitInfo      : No LoadTimeWeaver setup: ignoring JPA class transformer
2026-01-16T15:12:19.011-05:00  INFO 16180 --- [TaskManagerAPIThymeleaf] [restartedMain] com.zaxxer.hikari.HikariDataSource       : HikariPool-1 - Starting...
2026-01-16T15:12:19.259-05:00  INFO 16180 --- [TaskManagerAPIThymeleaf] [restartedMain] com.zaxxer.hikari.pool.HikariPool        : HikariPool-1 - Added connection com.mysql.cj.jdbc.ConnectionImpl@e41e5a9
2026-01-16T15:12:19.260-05:00  INFO 16180 --- [TaskManagerAPIThymeleaf] [restartedMain] com.zaxxer.hikari.HikariDataSource       : HikariPool-1 - Start completed.
2026-01-16T15:12:19.321-05:00  INFO 16180 --- [TaskManagerAPIThymeleaf] [restartedMain] org.hibernate.orm.connections.pooling    : HHH10001005: Database info:
	Database JDBC URL [Connecting through datasource 'HikariDataSource (HikariPool-1)']
	Database driver: undefined/unknown
	Database version: 8.0.42
	Autocommit mode: undefined/unknown
	Isolation level: undefined/unknown
	Minimum pool size: undefined/unknown
	Maximum pool size: undefined/unknown
2026-01-16T15:12:20.070-05:00  INFO 16180 --- [TaskManagerAPIThymeleaf] [restartedMain] o.h.e.t.j.p.i.JtaPlatformInitiator       : HHH000489: No JTA platform available (set 'hibernate.transaction.jta.platform' to enable JTA platform integration)
2026-01-16T15:12:20.107-05:00  INFO 16180 --- [TaskManagerAPIThymeleaf] [restartedMain] j.LocalContainerEntityManagerFactoryBean : Initialized JPA EntityManagerFactory for persistence unit 'default'
2026-01-16T15:12:20.518-05:00  INFO 16180 --- [TaskManagerAPIThymeleaf] [restartedMain] o.s.d.j.r.query.QueryEnhancerFactory     : Hibernate is in classpath; If applicable, HQL parser will be used.
2026-01-16T15:12:21.401-05:00  WARN 16180 --- [TaskManagerAPIThymeleaf] [restartedMain] JpaBaseConfiguration$JpaWebConfiguration : spring.jpa.open-in-view is enabled by default. Therefore, database queries may be performed during view rendering. Explicitly configure spring.jpa.open-in-view to disable this warning
2026-01-16T15:12:21.455-05:00  INFO 16180 --- [TaskManagerAPIThymeleaf] [restartedMain] eAuthenticationProviderManagerConfigurer : Global AuthenticationManager configured with AuthenticationProvider bean with name authenticationProvider
2026-01-16T15:12:21.455-05:00  WARN 16180 --- [TaskManagerAPIThymeleaf] [restartedMain] r$InitializeUserDetailsManagerConfigurer : Global AuthenticationManager configured with an AuthenticationProvider bean. UserDetailsService beans will not be used by Spring Security for automatically configuring username/password login. Consider removing the AuthenticationProvider bean. Alternatively, consider using the UserDetailsService in a manually instantiated DaoAuthenticationProvider. If the current configuration is intentional, to turn off this warning, increase the logging level of 'org.springframework.security.config.annotation.authentication.configuration.InitializeUserDetailsBeanManagerConfigurer' to ERROR
2026-01-16T15:12:22.477-05:00  INFO 16180 --- [TaskManagerAPIThymeleaf] [restartedMain] o.s.b.a.e.web.EndpointLinksResolver      : Exposing 1 endpoint beneath base path '/actuator'
2026-01-16T15:12:23.459-05:00  INFO 16180 --- [TaskManagerAPIThymeleaf] [restartedMain] o.s.b.d.a.OptionalLiveReloadServer       : LiveReload server is running on port 35729
2026-01-16T15:12:23.566-05:00  INFO 16180 --- [TaskManagerAPIThymeleaf] [restartedMain] o.s.b.w.embedded.tomcat.TomcatWebServer  : Tomcat started on port 8080 (http) with context path '/'
2026-01-16T15:12:23.577-05:00  INFO 16180 --- [TaskManagerAPIThymeleaf] [restartedMain] c.taskmanager.TaskManagerApiApplication  : Started TaskManagerApiApplication in 9.224 seconds (process running for 9.643)
2026-01-16T15:12:30.746-05:00  INFO 16180 --- [TaskManagerAPIThymeleaf] [http-nio-8080-exec-1] o.a.c.c.C.[Tomcat].[localhost].[/]       : Initializing Spring DispatcherServlet 'dispatcherServlet'
2026-01-16T15:12:30.747-05:00  INFO 16180 --- [TaskManagerAPIThymeleaf] [http-nio-8080-exec-1] o.s.web.servlet.DispatcherServlet        : Initializing Servlet 'dispatcherServlet'
2026-01-16T15:12:30.748-05:00  INFO 16180 --- [TaskManagerAPIThymeleaf] [http-nio-8080-exec-1] o.s.web.servlet.DispatcherServlet        : Completed initialization in 1 ms
2026-01-16T15:15:41.664-05:00  WARN 16180 --- [TaskManagerAPIThymeleaf] [http-nio-8080-exec-4] .m.m.a.ExceptionHandlerExceptionResolver : Resolved [java.lang.NullPointerException: Task does not exists with taskNumber = 5]
2026-01-16T15:16:01.127-05:00  INFO 16180 --- [TaskManagerAPIThymeleaf] [SpringApplicationShutdownHook] o.s.b.w.e.tomcat.GracefulShutdown        : Commencing graceful shutdown. Waiting for active requests to complete
2026-01-16T15:16:01.234-05:00  INFO 16180 --- [TaskManagerAPIThymeleaf] [tomcat-shutdown] o.s.b.w.e.tomcat.GracefulShutdown        : Graceful shutdown complete
2026-01-16T15:16:01.239-05:00  INFO 16180 --- [TaskManagerAPIThymeleaf] [SpringApplicationShutdownHook] j.LocalContainerEntityManagerFactoryBean : Closing JPA EntityManagerFactory for persistence unit 'default'
2026-01-16T15:16:01.241-05:00  INFO 16180 --- [TaskManagerAPIThymeleaf] [SpringApplicationShutdownHook] com.zaxxer.hikari.HikariDataSource       : HikariPool-1 - Shutdown initiated...
2026-01-16T15:16:01.249-05:00  INFO 16180 --- [TaskManagerAPIThymeleaf] [SpringApplicationShutdownHook] com.zaxxer.hikari.HikariDataSource       : HikariPool-1 - Shutdown completed.
